<?xml version="1.0" encoding="UTF-8"?>
<testsuite xmlns:xsi="http://www.w3.org/2001/XMLSchema-instance" xsi:noNamespaceSchemaLocation="https://maven.apache.org/surefire/maven-surefire-plugin/xsd/surefire-test-report-3.0.xsd" version="3.0" name="com.sspaoo.SistemaAcademico.SistemaAcademicoTest" time="0.255" tests="11" errors="0" skipped="0" failures="0">
  <properties>
    <property name="java.specification.version" value="21"/>
    <property name="sun.cpu.isalist" value="amd64"/>
    <property name="sun.jnu.encoding" value="Cp1252"/>
    <property name="java.class.path" value="C:\Users\lukas\OneDrive\Documentos\sspaoo\target\test-classes;C:\Users\lukas\OneDrive\Documentos\sspaoo\target\classes;C:\Users\lukas\.m2\repository\org\junit\jupiter\junit-jupiter-api\5.10.3\junit-jupiter-api-5.10.3.jar;C:\Users\lukas\.m2\repository\org\opentest4j\opentest4j\1.3.0\opentest4j-1.3.0.jar;C:\Users\lukas\.m2\repository\org\junit\platform\junit-platform-commons\1.10.3\junit-platform-commons-1.10.3.jar;C:\Users\lukas\.m2\repository\org\apiguardian\apiguardian-api\1.1.2\apiguardian-api-1.1.2.jar;C:\Users\lukas\.m2\repository\org\junit\jupiter\junit-jupiter-params\5.10.3\junit-jupiter-params-5.10.3.jar;C:\Users\lukas\.m2\repository\org\junit\jupiter\junit-jupiter-engine\5.10.3\junit-jupiter-engine-5.10.3.jar;C:\Users\lukas\.m2\repository\org\junit\platform\junit-platform-engine\1.10.3\junit-platform-engine-1.10.3.jar;"/>
    <property name="java.vm.vendor" value="Oracle Corporation"/>
    <property name="sun.arch.data.model" value="64"/>
    <property name="user.variant" value=""/>
    <property name="java.vendor.url" value="https://java.oracle.com/"/>
    <property name="user.timezone" value="America/Sao_Paulo"/>
    <property name="os.name" value="Windows 10"/>
    <property name="java.vm.specification.version" value="21"/>
    <property name="sun.java.launcher" value="SUN_STANDARD"/>
    <property name="user.country" value="BR"/>
    <property name="sun.boot.library.path" value="C:\Program Files\Java\jdk-21\bin"/>
    <property name="sun.java.command" value="C:\Users\lukas\AppData\Local\Temp\surefire10242578969467673139\surefirebooter-20250713232150861_3.jar C:\Users\lukas\AppData\Local\Temp\surefire10242578969467673139 2025-07-13T23-21-50_613-jvmRun1 surefire-20250713232150861_1tmp surefire_0-20250713232150861_2tmp"/>
    <property name="jdk.debug" value="release"/>
    <property name="surefire.test.class.path" value="C:\Users\lukas\OneDrive\Documentos\sspaoo\target\test-classes;C:\Users\lukas\OneDrive\Documentos\sspaoo\target\classes;C:\Users\lukas\.m2\repository\org\junit\jupiter\junit-jupiter-api\5.10.3\junit-jupiter-api-5.10.3.jar;C:\Users\lukas\.m2\repository\org\opentest4j\opentest4j\1.3.0\opentest4j-1.3.0.jar;C:\Users\lukas\.m2\repository\org\junit\platform\junit-platform-commons\1.10.3\junit-platform-commons-1.10.3.jar;C:\Users\lukas\.m2\repository\org\apiguardian\apiguardian-api\1.1.2\apiguardian-api-1.1.2.jar;C:\Users\lukas\.m2\repository\org\junit\jupiter\junit-jupiter-params\5.10.3\junit-jupiter-params-5.10.3.jar;C:\Users\lukas\.m2\repository\org\junit\jupiter\junit-jupiter-engine\5.10.3\junit-jupiter-engine-5.10.3.jar;C:\Users\lukas\.m2\repository\org\junit\platform\junit-platform-engine\1.10.3\junit-platform-engine-1.10.3.jar;"/>
    <property name="sun.cpu.endian" value="little"/>
    <property name="user.home" value="C:\Users\lukas"/>
    <property name="user.language" value="pt"/>
    <property name="java.specification.vendor" value="Oracle Corporation"/>
    <property name="java.version.date" value="2025-04-15"/>
    <property name="java.home" value="C:\Program Files\Java\jdk-21"/>
    <property name="file.separator" value="\"/>
    <property name="basedir" value="C:\Users\lukas\OneDrive\Documentos\sspaoo"/>
    <property name="java.vm.compressedOopsMode" value="32-bit"/>
    <property name="line.separator" value="&#10;"/>
    <property name="java.vm.specification.vendor" value="Oracle Corporation"/>
    <property name="java.specification.name" value="Java Platform API Specification"/>
    <property name="surefire.real.class.path" value="C:\Users\lukas\AppData\Local\Temp\surefire10242578969467673139\surefirebooter-20250713232150861_3.jar"/>
    <property name="user.script" value=""/>
    <property name="sun.management.compiler" value="HotSpot 64-Bit Tiered Compilers"/>
    <property name="java.runtime.version" value="21.0.7+8-LTS-245"/>
    <property name="user.name" value="lukas"/>
    <property name="stdout.encoding" value="Cp1252"/>
    <property name="path.separator" value=";"/>
    <property name="os.version" value="10.0"/>
    <property name="java.runtime.name" value="Java(TM) SE Runtime Environment"/>
    <property name="file.encoding" value="UTF-8"/>
    <property name="java.vm.name" value="Java HotSpot(TM) 64-Bit Server VM"/>
    <property name="localRepository" value="C:\Users\lukas\.m2\repository"/>
    <property name="java.vendor.url.bug" value="https://bugreport.java.com/bugreport/"/>
    <property name="java.io.tmpdir" value="C:\Users\lukas\AppData\Local\Temp\"/>
    <property name="java.version" value="21.0.7"/>
    <property name="user.dir" value="C:\Users\lukas\OneDrive\Documentos\sspaoo"/>
    <property name="os.arch" value="amd64"/>
    <property name="java.vm.specification.name" value="Java Virtual Machine Specification"/>
    <property name="sun.os.patch.level" value=""/>
    <property name="native.encoding" value="Cp1252"/>
    <property name="java.library.path" value="C:\Program Files\Java\jdk-21\bin;C:\windows\Sun\Java\bin;C:\windows\system32;C:\windows;C:\Program Files\Common Files\Oracle\Java\javapath;C:\Program Files (x86)\Common Files\Oracle\Java\javapath;C:\windows\system32;C:\windows;C:\windows\System32\Wbem;C:\windows\System32\WindowsPowerShell\v1.0\;C:\windows\System32\OpenSSH\;C:\Program Files\Git\cmd;C:\Program Files\dotnet\;C:\Program Files\CMake\bin;C:\Program Files (x86)\Windows Kits\10\Windows Performance Toolkit\;C:\Program Files\nodejs\;C:\Users\lukas\AppData\Local\Programs\Python\Python311\Scripts\;C:\Users\lukas\AppData\Local\Programs\Python\Python311\;C:\Users\lukas\AppData\Local\Microsoft\WindowsApps;C:\Users\lukas\AppData\Local\GitHubDesktop\bin;C:\msys64\ucrt64\bin;C:\Users\lukas\AppData\Local\Programs\Microsoft VS Code\bin;C:\Users\lukas\AppData\Roaming\npm;C:\Users\lukas\jdk-17.0.14+7\bin;C:\Program Files\apache-maven-3.9.9-bin\bin;C:\Program Files\Java\jdk-21\bin;;c:\Users\lukas\AppData\Roaming\Code\User\globalStorage\github.copilot-chat\debugCommand;."/>
    <property name="java.vm.info" value="mixed mode, sharing"/>
    <property name="stderr.encoding" value="Cp1252"/>
    <property name="java.vendor" value="Oracle Corporation"/>
    <property name="java.vm.version" value="21.0.7+8-LTS-245"/>
    <property name="sun.io.unicode.encoding" value="UnicodeLittle"/>
    <property name="java.class.version" value="65.0"/>
  </properties>
  <testcase name="testCoRequisitoNaoAtendidoException" classname="com.sspaoo.SistemaAcademico.SistemaAcademicoTest" time="0.085"/>
  <testcase name="testMatriculaBemSucedida" classname="com.sspaoo.SistemaAcademico.SistemaAcademicoTest" time="0.025">
    <system-out><![CDATA[Relatorio de matrícula
Nome: João Silva
Número de matrícula: 202500001
Turmas aprovadas: 
Aluno 202500001 foi matriculado na disciplina MAT155 turma A com sucesso
Aluno 202500001 foi matriculado na disciplina DCC120 turma B com sucesso

Turmas rejeitadas: 

]]></system-out>
  </testcase>
  <testcase name="testPreRequisitoNaoCumpridoExceptionOR" classname="com.sspaoo.SistemaAcademico.SistemaAcademicoTest" time="0.008"/>
  <testcase name="testPreRequisitoNaoCumpridoExceptionNota" classname="com.sspaoo.SistemaAcademico.SistemaAcademicoTest" time="0.004"/>
  <testcase name="testCargaHorariaExcedidaException" classname="com.sspaoo.SistemaAcademico.SistemaAcademicoTest" time="0.004"/>
  <testcase name="testPreRequisitoNaoCumpridoException" classname="com.sspaoo.SistemaAcademico.SistemaAcademicoTest" time="0.006"/>
  <testcase name="testConflitoHorarioPrecedenciaOptativa" classname="com.sspaoo.SistemaAcademico.SistemaAcademicoTest" time="0.004">
    <system-out><![CDATA[Relatorio de matrícula
Nome: João Silva
Número de matrícula: 202500001
Turmas aprovadas: 
Aluno 202500001 foi matriculado na disciplina ABC turma A com sucesso

Turmas rejeitadas: 
Aluno 202500001 não foi matriculado na disciplina MAT101 turma B | Motivo: Conflito de horário | 

]]></system-out>
  </testcase>
  <testcase name="testPreRequisitoNaoCumpridoExceptionAND" classname="com.sspaoo.SistemaAcademico.SistemaAcademicoTest" time="0.005"/>
  <testcase name="testConflitoHorario" classname="com.sspaoo.SistemaAcademico.SistemaAcademicoTest" time="0.003"/>
  <testcase name="testTurmaCheiaException" classname="com.sspaoo.SistemaAcademico.SistemaAcademicoTest" time="0.002"/>
  <testcase name="testConflitoHorarioPrecedenciaEletiva" classname="com.sspaoo.SistemaAcademico.SistemaAcademicoTest" time="0.006">
    <system-out><![CDATA[Relatorio de matrícula
Nome: João Silva
Número de matrícula: 202500001
Turmas aprovadas: 
Aluno 202500001 foi matriculado na disciplina MAT101 turma B com sucesso

Turmas rejeitadas: 
Aluno 202500001 não foi matriculado na disciplina ABC turma A | Motivo: Conflito de horário | 

]]></system-out>
  </testcase>
</testsuite>